<?xml version="1.0" encoding="UTF-8"?>
<!-- Generated by org.testng.reporters.JUnitXMLReporter -->
<testsuite ignored="0" hostname="DESKTOP-OKPTBTB" failures="0" tests="2" name="Default test" time="2.19" errors="0" timestamp="2021-12-20T13:39:03 IST">
  <testcase classname="com.kaltura.userserviceNG.UserServiceNgApplicationTests" name="testRegisterUser" time="0.824"/>
  <testcase classname="com.kaltura.userserviceNG.UserServiceNgApplicationTests" name="testLoginUser" time="0.263"/>
</testsuite> <!-- Default test -->
