<?xml version="1.0" encoding="UTF-8"?>
<testng-results ignored="0" total="2" passed="2" failed="0" skipped="0">
  <reporter-output>
  </reporter-output>
  <suite started-at="2021-12-20T13:39:00 IST" name="Default suite" finished-at="2021-12-20T13:39:03 IST" duration-ms="2190">
    <groups>
    </groups>
    <test started-at="2021-12-20T13:39:00 IST" name="Default test" finished-at="2021-12-20T13:39:03 IST" duration-ms="2190">
      <class name="com.kaltura.userserviceNG.UserServiceNgApplicationTests">
        <test-method is-config="true" signature="setupBeforeTest()[pri:0, instance:com.kaltura.userserviceNG.UserServiceNgApplicationTests@21337f7b]" started-at="2021-12-20T13:39:00 IST" name="setupBeforeTest" finished-at="2021-12-20T13:39:00 IST" duration-ms="4" status="PASS">
          <reporter-output>
          </reporter-output>
        </test-method> <!-- setupBeforeTest -->
        <test-method is-config="true" signature="springTestContextBeforeTestClass()[pri:0, instance:com.kaltura.userserviceNG.UserServiceNgApplicationTests@21337f7b]" started-at="2021-12-20T13:39:00 IST" name="springTestContextBeforeTestClass" finished-at="2021-12-20T13:39:00 IST" duration-ms="4" status="PASS">
          <reporter-output>
          </reporter-output>
        </test-method> <!-- springTestContextBeforeTestClass -->
        <test-method is-config="true" signature="springTestContextPrepareTestInstance()[pri:0, instance:com.kaltura.userserviceNG.UserServiceNgApplicationTests@21337f7b]" started-at="2021-12-20T13:39:00 IST" name="springTestContextPrepareTestInstance" finished-at="2021-12-20T13:39:02 IST" depends-on-methods="org.springframework.test.context.testng.AbstractTestNGSpringContextTests.springTestContextBeforeTestClass" duration-ms="1067" status="PASS">
          <reporter-output>
          </reporter-output>
        </test-method> <!-- springTestContextPrepareTestInstance -->
        <test-method is-config="true" signature="setup()[pri:0, instance:com.kaltura.userserviceNG.UserServiceNgApplicationTests@21337f7b]" started-at="2021-12-20T13:39:02 IST" name="setup" finished-at="2021-12-20T13:39:02 IST" duration-ms="3" status="PASS">
          <reporter-output>
          </reporter-output>
        </test-method> <!-- setup -->
        <test-method is-config="true" signature="springTestContextBeforeTestMethod(java.lang.reflect.Method)[pri:0, instance:com.kaltura.userserviceNG.UserServiceNgApplicationTests@21337f7b]" started-at="2021-12-20T13:39:02 IST" name="springTestContextBeforeTestMethod" finished-at="2021-12-20T13:39:02 IST" duration-ms="2" status="PASS">
          <params>
            <param index="0">
              <value>
                <![CDATA[public void com.kaltura.userserviceNG.UserServiceNgApplicationTests.testRegisterUser() throws java.net.URISyntaxException,com.fasterxml.jackson.core.exc.StreamReadException,com.fasterxml.jackson.databind.DatabindException,java.io.IOException,java.lang.Exception]]>
              </value>
            </param>
          </params>
          <reporter-output>
          </reporter-output>
        </test-method> <!-- springTestContextBeforeTestMethod -->
        <test-method signature="testRegisterUser()[pri:1, instance:com.kaltura.userserviceNG.UserServiceNgApplicationTests@21337f7b]" started-at="2021-12-20T13:39:02 IST" name="testRegisterUser" finished-at="2021-12-20T13:39:02 IST" duration-ms="824" status="PASS">
          <reporter-output>
          </reporter-output>
        </test-method> <!-- testRegisterUser -->
        <test-method is-config="true" signature="setupBeforeMethod()[pri:0, instance:com.kaltura.userserviceNG.UserServiceNgApplicationTests@21337f7b]" started-at="2021-12-20T13:39:02 IST" name="setupBeforeMethod" finished-at="2021-12-20T13:39:02 IST" duration-ms="0" status="PASS">
          <reporter-output>
          </reporter-output>
        </test-method> <!-- setupBeforeMethod -->
        <test-method is-config="true" signature="setupAfterMethod()[pri:0, instance:com.kaltura.userserviceNG.UserServiceNgApplicationTests@21337f7b]" started-at="2021-12-20T13:39:02 IST" name="setupAfterMethod" finished-at="2021-12-20T13:39:02 IST" duration-ms="1" status="PASS">
          <reporter-output>
          </reporter-output>
        </test-method> <!-- setupAfterMethod -->
        <test-method is-config="true" signature="springTestContextAfterTestMethod(java.lang.reflect.Method)[pri:0, instance:com.kaltura.userserviceNG.UserServiceNgApplicationTests@21337f7b]" started-at="2021-12-20T13:39:02 IST" name="springTestContextAfterTestMethod" finished-at="2021-12-20T13:39:02 IST" duration-ms="1" status="PASS">
          <params>
            <param index="0">
              <value>
                <![CDATA[public void com.kaltura.userserviceNG.UserServiceNgApplicationTests.testRegisterUser() throws java.net.URISyntaxException,com.fasterxml.jackson.core.exc.StreamReadException,com.fasterxml.jackson.databind.DatabindException,java.io.IOException,java.lang.Exception]]>
              </value>
            </param>
          </params>
          <reporter-output>
          </reporter-output>
        </test-method> <!-- springTestContextAfterTestMethod -->
        <test-method is-config="true" signature="springTestContextBeforeTestMethod(java.lang.reflect.Method)[pri:0, instance:com.kaltura.userserviceNG.UserServiceNgApplicationTests@21337f7b]" started-at="2021-12-20T13:39:02 IST" name="springTestContextBeforeTestMethod" finished-at="2021-12-20T13:39:02 IST" duration-ms="1" status="PASS">
          <params>
            <param index="0">
              <value>
                <![CDATA[public void com.kaltura.userserviceNG.UserServiceNgApplicationTests.testLoginUser() throws java.net.URISyntaxException,com.fasterxml.jackson.core.exc.StreamReadException,com.fasterxml.jackson.databind.DatabindException,java.io.IOException,java.lang.Exception]]>
              </value>
            </param>
          </params>
          <reporter-output>
          </reporter-output>
        </test-method> <!-- springTestContextBeforeTestMethod -->
        <test-method signature="testLoginUser()[pri:2, instance:com.kaltura.userserviceNG.UserServiceNgApplicationTests@21337f7b]" started-at="2021-12-20T13:39:02 IST" name="testLoginUser" finished-at="2021-12-20T13:39:03 IST" duration-ms="263" status="PASS">
          <reporter-output>
          </reporter-output>
        </test-method> <!-- testLoginUser -->
        <test-method is-config="true" signature="setupBeforeMethod()[pri:0, instance:com.kaltura.userserviceNG.UserServiceNgApplicationTests@21337f7b]" started-at="2021-12-20T13:39:02 IST" name="setupBeforeMethod" finished-at="2021-12-20T13:39:02 IST" duration-ms="0" status="PASS">
          <reporter-output>
          </reporter-output>
        </test-method> <!-- setupBeforeMethod -->
        <test-method is-config="true" signature="setupAfterMethod()[pri:0, instance:com.kaltura.userserviceNG.UserServiceNgApplicationTests@21337f7b]" started-at="2021-12-20T13:39:03 IST" name="setupAfterMethod" finished-at="2021-12-20T13:39:03 IST" duration-ms="1" status="PASS">
          <reporter-output>
          </reporter-output>
        </test-method> <!-- setupAfterMethod -->
        <test-method is-config="true" signature="springTestContextAfterTestClass()[pri:0, instance:com.kaltura.userserviceNG.UserServiceNgApplicationTests@21337f7b]" started-at="2021-12-20T13:39:03 IST" name="springTestContextAfterTestClass" finished-at="2021-12-20T13:39:03 IST" duration-ms="1" status="PASS">
          <reporter-output>
          </reporter-output>
        </test-method> <!-- springTestContextAfterTestClass -->
        <test-method is-config="true" signature="setupAfterClass()[pri:0, instance:com.kaltura.userserviceNG.UserServiceNgApplicationTests@21337f7b]" started-at="2021-12-20T13:39:03 IST" name="setupAfterClass" finished-at="2021-12-20T13:39:03 IST" duration-ms="0" status="PASS">
          <reporter-output>
          </reporter-output>
        </test-method> <!-- setupAfterClass -->
        <test-method is-config="true" signature="springTestContextAfterTestMethod(java.lang.reflect.Method)[pri:0, instance:com.kaltura.userserviceNG.UserServiceNgApplicationTests@21337f7b]" started-at="2021-12-20T13:39:03 IST" name="springTestContextAfterTestMethod" finished-at="2021-12-20T13:39:03 IST" duration-ms="0" status="PASS">
          <params>
            <param index="0">
              <value>
                <![CDATA[public void com.kaltura.userserviceNG.UserServiceNgApplicationTests.testLoginUser() throws java.net.URISyntaxException,com.fasterxml.jackson.core.exc.StreamReadException,com.fasterxml.jackson.databind.DatabindException,java.io.IOException,java.lang.Exception]]>
              </value>
            </param>
          </params>
          <reporter-output>
          </reporter-output>
        </test-method> <!-- springTestContextAfterTestMethod -->
        <test-method is-config="true" signature="setupAfterTest()[pri:0, instance:com.kaltura.userserviceNG.UserServiceNgApplicationTests@21337f7b]" started-at="2021-12-20T13:39:03 IST" name="setupAfterTest" finished-at="2021-12-20T13:39:03 IST" duration-ms="0" status="PASS">
          <reporter-output>
          </reporter-output>
        </test-method> <!-- setupAfterTest -->
      </class> <!-- com.kaltura.userserviceNG.UserServiceNgApplicationTests -->
    </test> <!-- Default test -->
  </suite> <!-- Default suite -->
</testng-results>
